  Determining projects to restore...
C:\Users\Logan Heath\Documents\Projects\Primple\Primple.Core\Primple.Core.csproj : warning NU1510: PackageReference System.Drawing.Common will not be pruned. Consider removing this package from your dependencies, as it is likely unnecessary. [C:\Users\Logan Heath\Documents\Projects\Primple\Primple.Desktop\Primple.Desktop.csproj]
  All projects are up-to-date for restore.
C:\Users\Logan Heath\Documents\Projects\Primple\Primple.Core\Primple.Core.csproj : warning NU1510: PackageReference System.Drawing.Common will not be pruned. Consider removing this package from your dependencies, as it is likely unnecessary.
  Primple.Core -> C:\Users\Logan Heath\Documents\Projects\Primple\Primple.Core\bin\Debug\net10.0-windows\Primple.Core.dll
C:\Users\Logan Heath\Documents\Projects\Primple\Primple.Desktop\Services\TemplateService.cs(17,27): error CS0246: The type or namespace name 'MeshBuilder' could not be found (are you missing a using directive or an assembly reference?) [C:\Users\Logan Heath\Documents\Projects\Primple\Primple.Desktop\Primple.Desktop_hqpm2mwj_wpftmp.csproj]
C:\Users\Logan Heath\Documents\Projects\Primple\Primple.Desktop\Services\TemplateService.cs(24,27): error CS0246: The type or namespace name 'MeshBuilder' could not be found (are you missing a using directive or an assembly reference?) [C:\Users\Logan Heath\Documents\Projects\Primple\Primple.Desktop\Primple.Desktop_hqpm2mwj_wpftmp.csproj]
C:\Users\Logan Heath\Documents\Projects\Primple\Primple.Desktop\Services\TemplateService.cs(31,27): error CS0246: The type or namespace name 'MeshBuilder' could not be found (are you missing a using directive or an assembly reference?) [C:\Users\Logan Heath\Documents\Projects\Primple\Primple.Desktop\Primple.Desktop_hqpm2mwj_wpftmp.csproj]
C:\Users\Logan Heath\Documents\Projects\Primple\Primple.Desktop\MainWindow.xaml.cs(88,62): warning CS8604: Possible null reference argument for parameter 'depObj' in 'IEnumerable<T> MainWindow.FindVisualChildren<T>(DependencyObject depObj)'. [C:\Users\Logan Heath\Documents\Projects\Primple\Primple.Desktop\Primple.Desktop_hqpm2mwj_wpftmp.csproj]

Build FAILED.

C:\Users\Logan Heath\Documents\Projects\Primple\Primple.Core\Primple.Core.csproj : warning NU1510: PackageReference System.Drawing.Common will not be pruned. Consider removing this package from your dependencies, as it is likely unnecessary. [C:\Users\Logan Heath\Documents\Projects\Primple\Primple.Desktop\Primple.Desktop.csproj]
C:\Users\Logan Heath\Documents\Projects\Primple\Primple.Core\Primple.Core.csproj : warning NU1510: PackageReference System.Drawing.Common will not be pruned. Consider removing this package from your dependencies, as it is likely unnecessary.
C:\Users\Logan Heath\Documents\Projects\Primple\Primple.Desktop\MainWindow.xaml.cs(88,62): warning CS8604: Possible null reference argument for parameter 'depObj' in 'IEnumerable<T> MainWindow.FindVisualChildren<T>(DependencyObject depObj)'. [C:\Users\Logan Heath\Documents\Projects\Primple\Primple.Desktop\Primple.Desktop_hqpm2mwj_wpftmp.csproj]
C:\Users\Logan Heath\Documents\Projects\Primple\Primple.Desktop\Services\TemplateService.cs(17,27): error CS0246: The type or namespace name 'MeshBuilder' could not be found (are you missing a using directive or an assembly reference?) [C:\Users\Logan Heath\Documents\Projects\Primple\Primple.Desktop\Primple.Desktop_hqpm2mwj_wpftmp.csproj]
C:\Users\Logan Heath\Documents\Projects\Primple\Primple.Desktop\Services\TemplateService.cs(24,27): error CS0246: The type or namespace name 'MeshBuilder' could not be found (are you missing a using directive or an assembly reference?) [C:\Users\Logan Heath\Documents\Projects\Primple\Primple.Desktop\Primple.Desktop_hqpm2mwj_wpftmp.csproj]
C:\Users\Logan Heath\Documents\Projects\Primple\Primple.Desktop\Services\TemplateService.cs(31,27): error CS0246: The type or namespace name 'MeshBuilder' could not be found (are you missing a using directive or an assembly reference?) [C:\Users\Logan Heath\Documents\Projects\Primple\Primple.Desktop\Primple.Desktop_hqpm2mwj_wpftmp.csproj]
    3 Warning(s)
    3 Error(s)

Time Elapsed 00:00:05.70
